<?xml version="1.0" encoding="UTF-8"?>
<testng-results ignored="0" total="1" passed="1" failed="0" skipped="0">
  <reporter-output>
  </reporter-output>
  <suite started-at="2021-08-02T20:42:08 IST" name="Default suite" finished-at="2021-08-02T20:42:14 IST" duration-ms="6553">
    <groups>
    </groups>
    <test started-at="2021-08-02T20:42:08 IST" name="Default test" finished-at="2021-08-02T20:42:14 IST" duration-ms="6553">
      <class name="newwebtesting.Download_File">
        <test-method signature="test()[pri:0, instance:newwebtesting.Download_File@7671cb68]" started-at="2021-08-02T20:42:08 IST" name="test" finished-at="2021-08-02T20:42:14 IST" duration-ms="6490" status="PASS">
          <reporter-output>
          </reporter-output>
        </test-method> <!-- test -->
      </class> <!-- newwebtesting.Download_File -->
    </test> <!-- Default test -->
  </suite> <!-- Default suite -->
</testng-results>
